./../00_src/imm_gen.sv:42: sorry: constant selects in always_* processes are not currently supported (all bits will be included).
./../00_src/brc.sv:21: sorry: constant selects in always_* processes are not currently supported (all bits will be included).
./../00_src/brc.sv:21: sorry: constant selects in always_* processes are not currently supported (all bits will be included).
./../00_src/output_buffer.sv:26: sorry: constant selects in always_* processes are not currently supported (all bits will be included).
./../00_src/output_buffer.sv:26: sorry: constant selects in always_* processes are not currently supported (all bits will be included).
./../00_src/output_buffer.sv:26: sorry: constant selects in always_* processes are not currently supported (all bits will be included).
./../00_src/output_buffer.sv:26: sorry: constant selects in always_* processes are not currently supported (all bits will be included).
./../00_src/output_buffer.sv:80: sorry: constant selects in always_* processes are not currently supported (all bits will be included).
./../00_src/lsu.sv:245: warning: Port 3 (address) of module dmem expects 11 bit(s), given 12.
./../00_src/lsu.sv:245:        : Pruning 1 high bits of the expression.
./../00_src/output_mux.sv:47: sorry: constant selects in always_* processes are not currently supported (all bits will be included).
./../00_src/output_mux.sv:47: sorry: constant selects in always_* processes are not currently supported (all bits will be included).
./../00_src/lsu.sv:105: sorry: constant selects in always_* processes are not currently supported (all bits will be included).
./../00_src/lsu.sv:105: sorry: constant selects in always_* processes are not currently supported (all bits will be included).
./../00_src/lsu.sv:123: sorry: constant selects in always_* processes are not currently supported (all bits will be included).
./../00_src/lsu.sv:123: sorry: constant selects in always_* processes are not currently supported (all bits will be included).
./../00_src/lsu.sv:123: sorry: constant selects in always_* processes are not currently supported (all bits will be included).
./../00_src/lsu.sv:123: sorry: constant selects in always_* processes are not currently supported (all bits will be included).
./../00_src/lsu.sv:123: sorry: constant selects in always_* processes are not currently supported (all bits will be included).
./../00_src/lsu.sv:182: sorry: constant selects in always_* processes are not currently supported (all bits will be included).
./../00_src/lsu.sv:182: sorry: constant selects in always_* processes are not currently supported (all bits will be included).
./../00_src/lsu.sv:182: sorry: constant selects in always_* processes are not currently supported (all bits will be included).
./../00_src/lsu.sv:182: sorry: constant selects in always_* processes are not currently supported (all bits will be included).
./../00_src/lsu.sv:182: sorry: constant selects in always_* processes are not currently supported (all bits will be included).
./../00_src/lsu.sv:191: sorry: constant selects in always_* processes are not currently supported (all bits will be included).
./../00_src/lsu.sv:191: sorry: constant selects in always_* processes are not currently supported (all bits will be included).
./../00_src/lsu.sv:191: sorry: constant selects in always_* processes are not currently supported (all bits will be included).
./../00_src/lsu.sv:204: sorry: constant selects in always_* processes are not currently supported (all bits will be included).
./../00_src/control_unit.sv:168: sorry: constant selects in always_* processes are not currently supported (all bits will be included).
./../00_src/imm_gen.sv:42: sorry: constant selects in always_* processes are not currently supported (all bits will be included).
./../00_src/brc.sv:21: sorry: constant selects in always_* processes are not currently supported (all bits will be included).
./../00_src/brc.sv:21: sorry: constant selects in always_* processes are not currently supported (all bits will be included).
./../00_src/output_buffer.sv:26: sorry: constant selects in always_* processes are not currently supported (all bits will be included).
./../00_src/output_buffer.sv:26: sorry: constant selects in always_* processes are not currently supported (all bits will be included).
./../00_src/output_buffer.sv:26: sorry: constant selects in always_* processes are not currently supported (all bits will be included).
./../00_src/output_buffer.sv:26: sorry: constant selects in always_* processes are not currently supported (all bits will be included).
./../00_src/output_buffer.sv:80: sorry: constant selects in always_* processes are not currently supported (all bits will be included).
./../00_src/lsu.sv:245: warning: Port 3 (address) of module dmem expects 11 bit(s), given 12.
./../00_src/lsu.sv:245:        : Pruning 1 high bits of the expression.
./../00_src/output_mux.sv:47: sorry: constant selects in always_* processes are not currently supported (all bits will be included).
./../00_src/output_mux.sv:47: sorry: constant selects in always_* processes are not currently supported (all bits will be included).
./../00_src/lsu.sv:105: sorry: constant selects in always_* processes are not currently supported (all bits will be included).
./../00_src/lsu.sv:105: sorry: constant selects in always_* processes are not currently supported (all bits will be included).
./../00_src/lsu.sv:123: sorry: constant selects in always_* processes are not currently supported (all bits will be included).
./../00_src/lsu.sv:123: sorry: constant selects in always_* processes are not currently supported (all bits will be included).
./../00_src/lsu.sv:123: sorry: constant selects in always_* processes are not currently supported (all bits will be included).
./../00_src/lsu.sv:123: sorry: constant selects in always_* processes are not currently supported (all bits will be included).
./../00_src/lsu.sv:123: sorry: constant selects in always_* processes are not currently supported (all bits will be included).
./../00_src/lsu.sv:182: sorry: constant selects in always_* processes are not currently supported (all bits will be included).
./../00_src/lsu.sv:182: sorry: constant selects in always_* processes are not currently supported (all bits will be included).
./../00_src/lsu.sv:182: sorry: constant selects in always_* processes are not currently supported (all bits will be included).
./../00_src/lsu.sv:182: sorry: constant selects in always_* processes are not currently supported (all bits will be included).
./../00_src/lsu.sv:182: sorry: constant selects in always_* processes are not currently supported (all bits will be included).
./../00_src/lsu.sv:191: sorry: constant selects in always_* processes are not currently supported (all bits will be included).
./../00_src/lsu.sv:191: sorry: constant selects in always_* processes are not currently supported (all bits will be included).
./../00_src/lsu.sv:191: sorry: constant selects in always_* processes are not currently supported (all bits will be included).
./../00_src/lsu.sv:204: sorry: constant selects in always_* processes are not currently supported (all bits will be included).
./../00_src/control_unit.sv:168: sorry: constant selects in always_* processes are not currently supported (all bits will be included).
./../00_src/wrapper.sv:66: sorry: constant selects in always_* processes are not currently supported (all bits will be included).
