WARNING: ./../00_src/i_mem.sv:23: $readmemh(../02_test/isa_4b.hex): Not enough words in the file for the requested range [0:2047].

SINGLE CYCLE - ISA test

VCD info: dumpfile dump.vcd opened for output.
WARNING: ./../00_src/i_mem.sv:23: $readmemh(../02_test/isa_4b.hex): Not enough words in the file for the requested range [0:2047].
add......PASS
addi.....PASS
sub......PASS
and......PASS
andi.....PASS
or.......PASS
ori......PASS
xor......PASS
xori.....PASS
slt......PASS
slti.....PASS
sltu.....PASS
sltiu....PASS
sll......PASS
slli.....PASS
srl......PASS
srli.....PASS
sra......PASS
srai.....PASS
lw.......PASS
lh.......PASS
lhu......PASS
lb.......PASS
lbu......PASS
sw.......PASS
sh.......PASS
sb.......PASS
auipc....PASS
lui......PASS
beq......PASS
bne......PASS
blt......PASS
bltu.....PASS
bge......PASS
bgeu.....PASS
jal......PASS
jalr.....PASS
malgn....ERROR
iosw.....PASS

END of ISA test

./../01_bench/scoreboard.sv:34: $finish called at 19426 (1s)
